#-----------------------------------------------------------
# Vivado v2016.2 (64-bit)
# SW Build 1577090 on Thu Jun  2 16:32:40 MDT 2016
# IP Build 1577682 on Fri Jun  3 12:00:54 MDT 2016
# Start of session at: Sat Mar 03 11:37:28 2018
# Process ID: 10548
# Current directory: C:/Users/Thanh/Desktop/OV7670_With_VGA/HC_SR04/project_1
# Command line: vivado.exe -gui_launcher_event rodinguilauncherevent1540 C:\Users\Thanh\Desktop\OV7670_With_VGA\HC_SR04\project_1\project_1.xpr
# Log file: C:/Users/Thanh/Desktop/OV7670_With_VGA/HC_SR04/project_1/vivado.log
# Journal file: C:/Users/Thanh/Desktop/OV7670_With_VGA/HC_SR04/project_1\vivado.jou
#-----------------------------------------------------------
start_gui
open_project C:/Users/Thanh/Desktop/OV7670_With_VGA/HC_SR04/project_1/project_1.xpr
Scanning sources...
Finished scanning sources
INFO: [IP_Flow 19-234] Refreshing IP repositories
INFO: [IP_Flow 19-1704] No user IP repositories specified
INFO: [IP_Flow 19-2313] Loaded Vivado IP repository 'C:/Xilinx/Vivado/2016.2/data/ip'.
open_project: Time (s): cpu = 00:00:20 ; elapsed = 00:00:15 . Memory (MB): peak = 823.488 ; gain = 173.719
update_compile_order -fileset sources_1
exit
INFO: [Common 17-206] Exiting Vivado at Sat Mar 03 11:46:11 2018...
